This is pdfTeX, Version 3.1415926-2.5-1.40.14 (MiKTeX 2.9) (preloaded format=pdflatex 2015.1.5)  18 MAR 2015 17:51
entering extended mode
**FINALE.tex

("C:\Users\Gabriele\Desktop\Università\LAUREA MAGISTRALE\TESI DI LAUREA\Latex\
FINALE\FINALE.tex"
LaTeX2e <2011/06/27>
Babel <v3.8m> and hyphenation patterns for english, afrikaans, ancientgreek, ar
abic, armenian, assamese, basque, bengali, bokmal, bulgarian, catalan, coptic, 
croatian, czech, danish, dutch, esperanto, estonian, farsi, finnish, french, ga
lician, german, german-x-2013-05-26, greek, gujarati, hindi, hungarian, iceland
ic, indonesian, interlingua, irish, italian, kannada, kurmanji, latin, latvian,
 lithuanian, malayalam, marathi, mongolian, mongolianlmc, monogreek, ngerman, n
german-x-2013-05-26, nynorsk, oriya, panjabi, pinyin, polish, portuguese, roman
ian, russian, sanskrit, serbian, slovak, slovenian, spanish, swedish, swissgerm
an, tamil, telugu, turkish, turkmen, ukenglish, ukrainian, uppersorbian, usengl
ishmax, welsh, loaded.
("C:\Program Files (x86)\MiKTeX 2.9\tex\latex\base\book.cls"
Document Class: book 2007/10/19 v1.4h Standard LaTeX document class
("C:\Program Files (x86)\MiKTeX 2.9\tex\latex\base\bk11.clo"
File: bk11.clo 2007/10/19 v1.4h Standard LaTeX file (size option)
)
\c@part=\count79
\c@chapter=\count80
\c@section=\count81
\c@subsection=\count82
\c@subsubsection=\count83
\c@paragraph=\count84
\c@subparagraph=\count85
\c@figure=\count86
\c@table=\count87
\abovecaptionskip=\skip41
\belowcaptionskip=\skip42
\bibindent=\dimen102
)
("C:\Program Files (x86)\MiKTeX 2.9\tex\generic\babel\babel.sty"
Package: babel 2008/07/08 v3.8m The Babel package

*************************************
* Local config file bblopts.cfg used
*
("C:\Program Files (x86)\MiKTeX 2.9\tex\latex\00miktex\bblopts.cfg"
File: bblopts.cfg 2006/07/31 v1.0 MiKTeX 'babel' configuration
)
("C:\Program Files (x86)\MiKTeX 2.9\tex\generic\babel\italian.ldf"
Language: italian 2008/03/14 v1.2t Italian support from the babel system

("C:\Program Files (x86)\MiKTeX 2.9\tex\generic\babel\babel.def"
File: babel.def 2008/07/08 v3.8m Babel common definitions
\babel@savecnt=\count88
\U@D=\dimen103
)
Package babel Info: Making " an active character on input line 94.
))
("C:\Program Files (x86)\MiKTeX 2.9\tex\latex\base\inputenc.sty"
Package: inputenc 2008/03/30 v1.1d Input encoding file
\inpenc@prehook=\toks14
\inpenc@posthook=\toks15

("C:\Program Files (x86)\MiKTeX 2.9\tex\latex\base\utf8.def"
File: utf8.def 2008/04/05 v1.1m UTF-8 support for inputenc
Now handling font encoding OML ...
... no UTF-8 mapping file for font encoding OML
Now handling font encoding T1 ...
... processing UTF-8 mapping file for font encoding T1

("C:\Program Files (x86)\MiKTeX 2.9\tex\latex\base\t1enc.dfu"
File: t1enc.dfu 2008/04/05 v1.1m UTF-8 support for inputenc
   defining Unicode char U+00A1 (decimal 161)
   defining Unicode char U+00A3 (decimal 163)
   defining Unicode char U+00AB (decimal 171)
   defining Unicode char U+00BB (decimal 187)
   defining Unicode char U+00BF (decimal 191)
   defining Unicode char U+00C0 (decimal 192)
   defining Unicode char U+00C1 (decimal 193)
   defining Unicode char U+00C2 (decimal 194)
   defining Unicode char U+00C3 (decimal 195)
   defining Unicode char U+00C4 (decimal 196)
   defining Unicode char U+00C5 (decimal 197)
   defining Unicode char U+00C6 (decimal 198)
   defining Unicode char U+00C7 (decimal 199)
   defining Unicode char U+00C8 (decimal 200)
   defining Unicode char U+00C9 (decimal 201)
   defining Unicode char U+00CA (decimal 202)
   defining Unicode char U+00CB (decimal 203)
   defining Unicode char U+00CC (decimal 204)
   defining Unicode char U+00CD (decimal 205)
   defining Unicode char U+00CE (decimal 206)
   defining Unicode char U+00CF (decimal 207)
   defining Unicode char U+00D0 (decimal 208)
   defining Unicode char U+00D1 (decimal 209)
   defining Unicode char U+00D2 (decimal 210)
   defining Unicode char U+00D3 (decimal 211)
   defining Unicode char U+00D4 (decimal 212)
   defining Unicode char U+00D5 (decimal 213)
   defining Unicode char U+00D6 (decimal 214)
   defining Unicode char U+00D8 (decimal 216)
   defining Unicode char U+00D9 (decimal 217)
   defining Unicode char U+00DA (decimal 218)
   defining Unicode char U+00DB (decimal 219)
   defining Unicode char U+00DC (decimal 220)
   defining Unicode char U+00DD (decimal 221)
   defining Unicode char U+00DE (decimal 222)
   defining Unicode char U+00DF (decimal 223)
   defining Unicode char U+00E0 (decimal 224)
   defining Unicode char U+00E1 (decimal 225)
   defining Unicode char U+00E2 (decimal 226)
   defining Unicode char U+00E3 (decimal 227)
   defining Unicode char U+00E4 (decimal 228)
   defining Unicode char U+00E5 (decimal 229)
   defining Unicode char U+00E6 (decimal 230)
   defining Unicode char U+00E7 (decimal 231)
   defining Unicode char U+00E8 (decimal 232)
   defining Unicode char U+00E9 (decimal 233)
   defining Unicode char U+00EA (decimal 234)
   defining Unicode char U+00EB (decimal 235)
   defining Unicode char U+00EC (decimal 236)
   defining Unicode char U+00ED (decimal 237)
   defining Unicode char U+00EE (decimal 238)
   defining Unicode char U+00EF (decimal 239)
   defining Unicode char U+00F0 (decimal 240)
   defining Unicode char U+00F1 (decimal 241)
   defining Unicode char U+00F2 (decimal 242)
   defining Unicode char U+00F3 (decimal 243)
   defining Unicode char U+00F4 (decimal 244)
   defining Unicode char U+00F5 (decimal 245)
   defining Unicode char U+00F6 (decimal 246)
   defining Unicode char U+00F8 (decimal 248)
   defining Unicode char U+00F9 (decimal 249)
   defining Unicode char U+00FA (decimal 250)
   defining Unicode char U+00FB (decimal 251)
   defining Unicode char U+00FC (decimal 252)
   defining Unicode char U+00FD (decimal 253)
   defining Unicode char U+00FE (decimal 254)
   defining Unicode char U+00FF (decimal 255)
   defining Unicode char U+0102 (decimal 258)
   defining Unicode char U+0103 (decimal 259)
   defining Unicode char U+0104 (decimal 260)
   defining Unicode char U+0105 (decimal 261)
   defining Unicode char U+0106 (decimal 262)
   defining Unicode char U+0107 (decimal 263)
   defining Unicode char U+010C (decimal 268)
   defining Unicode char U+010D (decimal 269)
   defining Unicode char U+010E (decimal 270)
   defining Unicode char U+010F (decimal 271)
   defining Unicode char U+0110 (decimal 272)
   defining Unicode char U+0111 (decimal 273)
   defining Unicode char U+0118 (decimal 280)
   defining Unicode char U+0119 (decimal 281)
   defining Unicode char U+011A (decimal 282)
   defining Unicode char U+011B (decimal 283)
   defining Unicode char U+011E (decimal 286)
   defining Unicode char U+011F (decimal 287)
   defining Unicode char U+0130 (decimal 304)
   defining Unicode char U+0131 (decimal 305)
   defining Unicode char U+0132 (decimal 306)
   defining Unicode char U+0133 (decimal 307)
   defining Unicode char U+0139 (decimal 313)
   defining Unicode char U+013A (decimal 314)
   defining Unicode char U+013D (decimal 317)
   defining Unicode char U+013E (decimal 318)
   defining Unicode char U+0141 (decimal 321)
   defining Unicode char U+0142 (decimal 322)
   defining Unicode char U+0143 (decimal 323)
   defining Unicode char U+0144 (decimal 324)
   defining Unicode char U+0147 (decimal 327)
   defining Unicode char U+0148 (decimal 328)
   defining Unicode char U+014A (decimal 330)
   defining Unicode char U+014B (decimal 331)
   defining Unicode char U+0150 (decimal 336)
   defining Unicode char U+0151 (decimal 337)
   defining Unicode char U+0152 (decimal 338)
   defining Unicode char U+0153 (decimal 339)
   defining Unicode char U+0154 (decimal 340)
   defining Unicode char U+0155 (decimal 341)
   defining Unicode char U+0158 (decimal 344)
   defining Unicode char U+0159 (decimal 345)
   defining Unicode char U+015A (decimal 346)
   defining Unicode char U+015B (decimal 347)
   defining Unicode char U+015E (decimal 350)
   defining Unicode char U+015F (decimal 351)
   defining Unicode char U+0160 (decimal 352)
   defining Unicode char U+0161 (decimal 353)
   defining Unicode char U+0162 (decimal 354)
   defining Unicode char U+0163 (decimal 355)
   defining Unicode char U+0164 (decimal 356)
   defining Unicode char U+0165 (decimal 357)
   defining Unicode char U+016E (decimal 366)
   defining Unicode char U+016F (decimal 367)
   defining Unicode char U+0170 (decimal 368)
   defining Unicode char U+0171 (decimal 369)
   defining Unicode char U+0178 (decimal 376)
   defining Unicode char U+0179 (decimal 377)
   defining Unicode char U+017A (decimal 378)
   defining Unicode char U+017B (decimal 379)
   defining Unicode char U+017C (decimal 380)
   defining Unicode char U+017D (decimal 381)
   defining Unicode char U+017E (decimal 382)
   defining Unicode char U+200C (decimal 8204)
   defining Unicode char U+2013 (decimal 8211)
   defining Unicode char U+2014 (decimal 8212)
   defining Unicode char U+2018 (decimal 8216)
   defining Unicode char U+2019 (decimal 8217)
   defining Unicode char U+201A (decimal 8218)
   defining Unicode char U+201C (decimal 8220)
   defining Unicode char U+201D (decimal 8221)
   defining Unicode char U+201E (decimal 8222)
   defining Unicode char U+2030 (decimal 8240)
   defining Unicode char U+2031 (decimal 8241)
   defining Unicode char U+2039 (decimal 8249)
   defining Unicode char U+203A (decimal 8250)
   defining Unicode char U+2423 (decimal 9251)
)
Now handling font encoding OT1 ...
... processing UTF-8 mapping file for font encoding OT1

("C:\Program Files (x86)\MiKTeX 2.9\tex\latex\base\ot1enc.dfu"
File: ot1enc.dfu 2008/04/05 v1.1m UTF-8 support for inputenc
   defining Unicode char U+00A1 (decimal 161)
   defining Unicode char U+00A3 (decimal 163)
   defining Unicode char U+00B8 (decimal 184)
   defining Unicode char U+00BF (decimal 191)
   defining Unicode char U+00C5 (decimal 197)
   defining Unicode char U+00C6 (decimal 198)
   defining Unicode char U+00D8 (decimal 216)
   defining Unicode char U+00DF (decimal 223)
   defining Unicode char U+00E6 (decimal 230)
   defining Unicode char U+00EC (decimal 236)
   defining Unicode char U+00ED (decimal 237)
   defining Unicode char U+00EE (decimal 238)
   defining Unicode char U+00EF (decimal 239)
   defining Unicode char U+00F8 (decimal 248)
   defining Unicode char U+0131 (decimal 305)
   defining Unicode char U+0141 (decimal 321)
   defining Unicode char U+0142 (decimal 322)
   defining Unicode char U+0152 (decimal 338)
   defining Unicode char U+0153 (decimal 339)
   defining Unicode char U+2013 (decimal 8211)
   defining Unicode char U+2014 (decimal 8212)
   defining Unicode char U+2018 (decimal 8216)
   defining Unicode char U+2019 (decimal 8217)
   defining Unicode char U+201C (decimal 8220)
   defining Unicode char U+201D (decimal 8221)
)
Now handling font encoding OMS ...
... processing UTF-8 mapping file for font encoding OMS

("C:\Program Files (x86)\MiKTeX 2.9\tex\latex\base\omsenc.dfu"
File: omsenc.dfu 2008/04/05 v1.1m UTF-8 support for inputenc
   defining Unicode char U+00A7 (decimal 167)
   defining Unicode char U+00B6 (decimal 182)
   defining Unicode char U+00B7 (decimal 183)
   defining Unicode char U+2020 (decimal 8224)
   defining Unicode char U+2021 (decimal 8225)
   defining Unicode char U+2022 (decimal 8226)
)
Now handling font encoding OMX ...
... no UTF-8 mapping file for font encoding OMX
Now handling font encoding U ...
... no UTF-8 mapping file for font encoding U
Now handling font encoding LGR ...
... processing UTF-8 mapping file for font encoding LGR

("C:\Program Files (x86)\MiKTeX 2.9\tex\latex\greek-inputenc\lgrenc.dfu"
File: lgrenc.dfu 2014/09/14 1.5 UTF-8 support for Greek
   defining Unicode char U+00A8 (decimal 168)
   defining Unicode char U+00AB (decimal 171)
   defining Unicode char U+00AF (decimal 175)
   defining Unicode char U+00B4 (decimal 180)
   defining Unicode char U+00B7 (decimal 183)
   defining Unicode char U+00BB (decimal 187)
   defining Unicode char U+0259 (decimal 601)
   defining Unicode char U+02D8 (decimal 728)
   defining Unicode char U+2013 (decimal 8211)
   defining Unicode char U+2014 (decimal 8212)
   defining Unicode char U+2018 (decimal 8216)
   defining Unicode char U+2019 (decimal 8217)
   defining Unicode char U+201A (decimal 8218)
   defining Unicode char U+2030 (decimal 8240)
   defining Unicode char U+2039 (decimal 8249)
   defining Unicode char U+203A (decimal 8250)
   defining Unicode char U+20AC (decimal 8364)
   defining Unicode char U+0374 (decimal 884)
   defining Unicode char U+0375 (decimal 885)
   defining Unicode char U+037A (decimal 890)
   defining Unicode char U+037E (decimal 894)
   defining Unicode char U+0384 (decimal 900)
   defining Unicode char U+0385 (decimal 901)
   defining Unicode char U+0386 (decimal 902)
   defining Unicode char U+0387 (decimal 903)
   defining Unicode char U+0388 (decimal 904)
   defining Unicode char U+0389 (decimal 905)
   defining Unicode char U+038A (decimal 906)
   defining Unicode char U+038C (decimal 908)
   defining Unicode char U+038E (decimal 910)
   defining Unicode char U+038F (decimal 911)
   defining Unicode char U+0390 (decimal 912)
   defining Unicode char U+0391 (decimal 913)
   defining Unicode char U+0392 (decimal 914)
   defining Unicode char U+0393 (decimal 915)
   defining Unicode char U+0394 (decimal 916)
   defining Unicode char U+0395 (decimal 917)
   defining Unicode char U+0396 (decimal 918)
   defining Unicode char U+0397 (decimal 919)
   defining Unicode char U+0398 (decimal 920)
   defining Unicode char U+0399 (decimal 921)
   defining Unicode char U+039A (decimal 922)
   defining Unicode char U+039B (decimal 923)
   defining Unicode char U+039C (decimal 924)
   defining Unicode char U+039D (decimal 925)
   defining Unicode char U+039E (decimal 926)
   defining Unicode char U+039F (decimal 927)
   defining Unicode char U+03A0 (decimal 928)
   defining Unicode char U+03A1 (decimal 929)
   defining Unicode char U+03A3 (decimal 931)
   defining Unicode char U+03A4 (decimal 932)
   defining Unicode char U+03A5 (decimal 933)
   defining Unicode char U+03A6 (decimal 934)
   defining Unicode char U+03A7 (decimal 935)
   defining Unicode char U+03A8 (decimal 936)
   defining Unicode char U+03A9 (decimal 937)
   defining Unicode char U+03AA (decimal 938)
   defining Unicode char U+03AB (decimal 939)
   defining Unicode char U+03AC (decimal 940)
   defining Unicode char U+03AD (decimal 941)
   defining Unicode char U+03AE (decimal 942)
   defining Unicode char U+03AF (decimal 943)
   defining Unicode char U+03B0 (decimal 944)
   defining Unicode char U+03B1 (decimal 945)
   defining Unicode char U+03B2 (decimal 946)
   defining Unicode char U+03B3 (decimal 947)
   defining Unicode char U+03B4 (decimal 948)
   defining Unicode char U+03B5 (decimal 949)
   defining Unicode char U+03B6 (decimal 950)
   defining Unicode char U+03B7 (decimal 951)
   defining Unicode char U+03B8 (decimal 952)
   defining Unicode char U+03B9 (decimal 953)
   defining Unicode char U+03BA (decimal 954)
   defining Unicode char U+03BB (decimal 955)
   defining Unicode char U+03BC (decimal 956)
   defining Unicode char U+03BD (decimal 957)
   defining Unicode char U+03BE (decimal 958)
   defining Unicode char U+03BF (decimal 959)
   defining Unicode char U+03C0 (decimal 960)
   defining Unicode char U+03C1 (decimal 961)
   defining Unicode char U+03C2 (decimal 962)
   defining Unicode char U+03C3 (decimal 963)
   defining Unicode char U+03C4 (decimal 964)
   defining Unicode char U+03C5 (decimal 965)
   defining Unicode char U+03C6 (decimal 966)
   defining Unicode char U+03C7 (decimal 967)
   defining Unicode char U+03C8 (decimal 968)
   defining Unicode char U+03C9 (decimal 969)
   defining Unicode char U+03CA (decimal 970)
   defining Unicode char U+03CB (decimal 971)
   defining Unicode char U+03CC (decimal 972)
   defining Unicode char U+03CD (decimal 973)
   defining Unicode char U+03CE (decimal 974)
   defining Unicode char U+03D8 (decimal 984)
   defining Unicode char U+03D9 (decimal 985)
   defining Unicode char U+03DA (decimal 986)
   defining Unicode char U+03DB (decimal 987)
   defining Unicode char U+03DC (decimal 988)
   defining Unicode char U+03DD (decimal 989)
   defining Unicode char U+03DF (decimal 991)
   defining Unicode char U+03E0 (decimal 992)
   defining Unicode char U+03E1 (decimal 993)
   defining Unicode char U+1F00 (decimal 7936)
   defining Unicode char U+1F01 (decimal 7937)
   defining Unicode char U+1F02 (decimal 7938)
   defining Unicode char U+1F03 (decimal 7939)
   defining Unicode char U+1F04 (decimal 7940)
   defining Unicode char U+1F05 (decimal 7941)
   defining Unicode char U+1F06 (decimal 7942)
   defining Unicode char U+1F07 (decimal 7943)
   defining Unicode char U+1F08 (decimal 7944)
   defining Unicode char U+1F09 (decimal 7945)
   defining Unicode char U+1F0A (decimal 7946)
   defining Unicode char U+1F0B (decimal 7947)
   defining Unicode char U+1F0C (decimal 7948)
   defining Unicode char U+1F0D (decimal 7949)
   defining Unicode char U+1F0E (decimal 7950)
   defining Unicode char U+1F0F (decimal 7951)
   defining Unicode char U+1F10 (decimal 7952)
   defining Unicode char U+1F11 (decimal 7953)
   defining Unicode char U+1F12 (decimal 7954)
   defining Unicode char U+1F13 (decimal 7955)
   defining Unicode char U+1F14 (decimal 7956)
   defining Unicode char U+1F15 (decimal 7957)
   defining Unicode char U+1F18 (decimal 7960)
   defining Unicode char U+1F19 (decimal 7961)
   defining Unicode char U+1F1A (decimal 7962)
   defining Unicode char U+1F1B (decimal 7963)
   defining Unicode char U+1F1C (decimal 7964)
   defining Unicode char U+1F1D (decimal 7965)
   defining Unicode char U+1F20 (decimal 7968)
   defining Unicode char U+1F21 (decimal 7969)
   defining Unicode char U+1F22 (decimal 7970)
   defining Unicode char U+1F23 (decimal 7971)
   defining Unicode char U+1F24 (decimal 7972)
   defining Unicode char U+1F25 (decimal 7973)
   defining Unicode char U+1F26 (decimal 7974)
   defining Unicode char U+1F27 (decimal 7975)
   defining Unicode char U+1F28 (decimal 7976)
   defining Unicode char U+1F29 (decimal 7977)
   defining Unicode char U+1F2A (decimal 7978)
   defining Unicode char U+1F2B (decimal 7979)
   defining Unicode char U+1F2C (decimal 7980)
   defining Unicode char U+1F2D (decimal 7981)
   defining Unicode char U+1F2E (decimal 7982)
   defining Unicode char U+1F2F (decimal 7983)
   defining Unicode char U+1F30 (decimal 7984)
   defining Unicode char U+1F31 (decimal 7985)
   defining Unicode char U+1F32 (decimal 7986)
   defining Unicode char U+1F33 (decimal 7987)
   defining Unicode char U+1F34 (decimal 7988)
   defining Unicode char U+1F35 (decimal 7989)
   defining Unicode char U+1F36 (decimal 7990)
   defining Unicode char U+1F37 (decimal 7991)
   defining Unicode char U+1F38 (decimal 7992)
   defining Unicode char U+1F39 (decimal 7993)
   defining Unicode char U+1F3A (decimal 7994)
   defining Unicode char U+1F3B (decimal 7995)
   defining Unicode char U+1F3C (decimal 7996)
   defining Unicode char U+1F3D (decimal 7997)
   defining Unicode char U+1F3E (decimal 7998)
   defining Unicode char U+1F3F (decimal 7999)
   defining Unicode char U+1F40 (decimal 8000)
   defining Unicode char U+1F41 (decimal 8001)
   defining Unicode char U+1F42 (decimal 8002)
   defining Unicode char U+1F43 (decimal 8003)
   defining Unicode char U+1F44 (decimal 8004)
   defining Unicode char U+1F45 (decimal 8005)
   defining Unicode char U+1F48 (decimal 8008)
   defining Unicode char U+1F49 (decimal 8009)
   defining Unicode char U+1F4A (decimal 8010)
   defining Unicode char U+1F4B (decimal 8011)
   defining Unicode char U+1F4C (decimal 8012)
   defining Unicode char U+1F4D (decimal 8013)
   defining Unicode char U+1F50 (decimal 8016)
   defining Unicode char U+1F51 (decimal 8017)
   defining Unicode char U+1F52 (decimal 8018)
   defining Unicode char U+1F53 (decimal 8019)
   defining Unicode char U+1F54 (decimal 8020)
   defining Unicode char U+1F55 (decimal 8021)
   defining Unicode char U+1F56 (decimal 8022)
   defining Unicode char U+1F57 (decimal 8023)
   defining Unicode char U+1F59 (decimal 8025)
   defining Unicode char U+1F5B (decimal 8027)
   defining Unicode char U+1F5D (decimal 8029)
   defining Unicode char U+1F5F (decimal 8031)
   defining Unicode char U+1F60 (decimal 8032)
   defining Unicode char U+1F61 (decimal 8033)
   defining Unicode char U+1F62 (decimal 8034)
   defining Unicode char U+1F63 (decimal 8035)
   defining Unicode char U+1F64 (decimal 8036)
   defining Unicode char U+1F65 (decimal 8037)
   defining Unicode char U+1F66 (decimal 8038)
   defining Unicode char U+1F67 (decimal 8039)
   defining Unicode char U+1F68 (decimal 8040)
   defining Unicode char U+1F69 (decimal 8041)
   defining Unicode char U+1F6A (decimal 8042)
   defining Unicode char U+1F6B (decimal 8043)
   defining Unicode char U+1F6C (decimal 8044)
   defining Unicode char U+1F6D (decimal 8045)
   defining Unicode char U+1F6E (decimal 8046)
   defining Unicode char U+1F6F (decimal 8047)
   defining Unicode char U+1F70 (decimal 8048)
   defining Unicode char U+1F71 (decimal 8049)
   defining Unicode char U+1F72 (decimal 8050)
   defining Unicode char U+1F73 (decimal 8051)
   defining Unicode char U+1F74 (decimal 8052)
   defining Unicode char U+1F75 (decimal 8053)
   defining Unicode char U+1F76 (decimal 8054)
   defining Unicode char U+1F77 (decimal 8055)
   defining Unicode char U+1F78 (decimal 8056)
   defining Unicode char U+1F79 (decimal 8057)
   defining Unicode char U+1F7A (decimal 8058)
   defining Unicode char U+1F7B (decimal 8059)
   defining Unicode char U+1F7C (decimal 8060)
   defining Unicode char U+1F7D (decimal 8061)
   defining Unicode char U+1F80 (decimal 8064)
   defining Unicode char U+1F81 (decimal 8065)
   defining Unicode char U+1F82 (decimal 8066)
   defining Unicode char U+1F83 (decimal 8067)
   defining Unicode char U+1F84 (decimal 8068)
   defining Unicode char U+1F85 (decimal 8069)
   defining Unicode char U+1F86 (decimal 8070)
   defining Unicode char U+1F87 (decimal 8071)
   defining Unicode char U+1F88 (decimal 8072)
   defining Unicode char U+1F89 (decimal 8073)
   defining Unicode char U+1F8A (decimal 8074)
   defining Unicode char U+1F8B (decimal 8075)
   defining Unicode char U+1F8C (decimal 8076)
   defining Unicode char U+1F8D (decimal 8077)
   defining Unicode char U+1F8E (decimal 8078)
   defining Unicode char U+1F8F (decimal 8079)
   defining Unicode char U+1F90 (decimal 8080)
   defining Unicode char U+1F91 (decimal 8081)
   defining Unicode char U+1F92 (decimal 8082)
   defining Unicode char U+1F93 (decimal 8083)
   defining Unicode char U+1F94 (decimal 8084)
   defining Unicode char U+1F95 (decimal 8085)
   defining Unicode char U+1F96 (decimal 8086)
   defining Unicode char U+1F97 (decimal 8087)
   defining Unicode char U+1F98 (decimal 8088)
   defining Unicode char U+1F99 (decimal 8089)
   defining Unicode char U+1F9A (decimal 8090)
   defining Unicode char U+1F9B (decimal 8091)
   defining Unicode char U+1F9C (decimal 8092)
   defining Unicode char U+1F9D (decimal 8093)
   defining Unicode char U+1F9E (decimal 8094)
   defining Unicode char U+1F9F (decimal 8095)
   defining Unicode char U+1FA0 (decimal 8096)
   defining Unicode char U+1FA1 (decimal 8097)
   defining Unicode char U+1FA2 (decimal 8098)
   defining Unicode char U+1FA3 (decimal 8099)
   defining Unicode char U+1FA4 (decimal 8100)
   defining Unicode char U+1FA5 (decimal 8101)
   defining Unicode char U+1FA6 (decimal 8102)
   defining Unicode char U+1FA7 (decimal 8103)
   defining Unicode char U+1FA8 (decimal 8104)
   defining Unicode char U+1FA9 (decimal 8105)
   defining Unicode char U+1FAA (decimal 8106)
   defining Unicode char U+1FAB (decimal 8107)
   defining Unicode char U+1FAC (decimal 8108)
   defining Unicode char U+1FAD (decimal 8109)
   defining Unicode char U+1FAE (decimal 8110)
   defining Unicode char U+1FAF (decimal 8111)
   defining Unicode char U+1FB0 (decimal 8112)
   defining Unicode char U+1FB1 (decimal 8113)
   defining Unicode char U+1FB2 (decimal 8114)
   defining Unicode char U+1FB3 (decimal 8115)
   defining Unicode char U+1FB4 (decimal 8116)
   defining Unicode char U+1FB6 (decimal 8118)
   defining Unicode char U+1FB7 (decimal 8119)
   defining Unicode char U+1FB8 (decimal 8120)
   defining Unicode char U+1FB9 (decimal 8121)
   defining Unicode char U+1FBA (decimal 8122)
   defining Unicode char U+1FBB (decimal 8123)
   defining Unicode char U+1FBC (decimal 8124)
   defining Unicode char U+1FBD (decimal 8125)
   defining Unicode char U+1FBE (decimal 8126)
   defining Unicode char U+1FBF (decimal 8127)
   defining Unicode char U+1FC0 (decimal 8128)
   defining Unicode char U+1FC1 (decimal 8129)
   defining Unicode char U+1FC2 (decimal 8130)
   defining Unicode char U+1FC3 (decimal 8131)
   defining Unicode char U+1FC4 (decimal 8132)
   defining Unicode char U+1FC6 (decimal 8134)
   defining Unicode char U+1FC7 (decimal 8135)
   defining Unicode char U+1FC8 (decimal 8136)
   defining Unicode char U+1FC9 (decimal 8137)
   defining Unicode char U+1FCA (decimal 8138)
   defining Unicode char U+1FCB (decimal 8139)
   defining Unicode char U+1FCC (decimal 8140)
   defining Unicode char U+1FCD (decimal 8141)
   defining Unicode char U+1FCE (decimal 8142)
   defining Unicode char U+1FCF (decimal 8143)
   defining Unicode char U+1FD0 (decimal 8144)
   defining Unicode char U+1FD1 (decimal 8145)
   defining Unicode char U+1FD2 (decimal 8146)
   defining Unicode char U+1FD3 (decimal 8147)
   defining Unicode char U+1FD6 (decimal 8150)
   defining Unicode char U+1FD7 (decimal 8151)
   defining Unicode char U+1FD8 (decimal 8152)
   defining Unicode char U+1FD9 (decimal 8153)
   defining Unicode char U+1FDA (decimal 8154)
   defining Unicode char U+1FDB (decimal 8155)
   defining Unicode char U+1FDD (decimal 8157)
   defining Unicode char U+1FDE (decimal 8158)
   defining Unicode char U+1FDF (decimal 8159)
   defining Unicode char U+1FE0 (decimal 8160)
   defining Unicode char U+1FE1 (decimal 8161)
   defining Unicode char U+1FE2 (decimal 8162)
   defining Unicode char U+1FE3 (decimal 8163)
   defining Unicode char U+1FE4 (decimal 8164)
   defining Unicode char U+1FE5 (decimal 8165)
   defining Unicode char U+1FE6 (decimal 8166)
   defining Unicode char U+1FE7 (decimal 8167)
   defining Unicode char U+1FE8 (decimal 8168)
   defining Unicode char U+1FE9 (decimal 8169)
   defining Unicode char U+1FEA (decimal 8170)
   defining Unicode char U+1FEB (decimal 8171)
   defining Unicode char U+1FEC (decimal 8172)
   defining Unicode char U+1FED (decimal 8173)
   defining Unicode char U+1FEE (decimal 8174)
   defining Unicode char U+1FEF (decimal 8175)
   defining Unicode char U+1FF2 (decimal 8178)
   defining Unicode char U+1FF3 (decimal 8179)
   defining Unicode char U+1FF4 (decimal 8180)
   defining Unicode char U+1FF6 (decimal 8182)
   defining Unicode char U+1FF7 (decimal 8183)
   defining Unicode char U+1FF8 (decimal 8184)
   defining Unicode char U+1FF9 (decimal 8185)
   defining Unicode char U+1FFA (decimal 8186)
   defining Unicode char U+1FFB (decimal 8187)
   defining Unicode char U+1FFC (decimal 8188)
   defining Unicode char U+1FFD (decimal 8189)
   defining Unicode char U+1FFE (decimal 8190)
   defining Unicode char U+2013 (decimal 8211)
   defining Unicode char U+2014 (decimal 8212)
   defining Unicode char U+2018 (decimal 8216)
   defining Unicode char U+2019 (decimal 8217)
   defining Unicode char U+2030 (decimal 8240)
   defining Unicode char U+20AC (decimal 8364)
   defining Unicode char U+2126 (decimal 8486)
   defining Unicode char U+10144 (decimal 65860)
   defining Unicode char U+10145 (decimal 65861)
   defining Unicode char U+10146 (decimal 65862)
   defining Unicode char U+10147 (decimal 65863)
)
   defining Unicode char U+00A9 (decimal 169)
   defining Unicode char U+00AA (decimal 170)
   defining Unicode char U+00AE (decimal 174)
   defining Unicode char U+00BA (decimal 186)
   defining Unicode char U+02C6 (decimal 710)
   defining Unicode char U+02DC (decimal 732)
   defining Unicode char U+200C (decimal 8204)
   defining Unicode char U+2026 (decimal 8230)
   defining Unicode char U+2122 (decimal 8482)
   defining Unicode char U+2423 (decimal 9251)
))
("C:\Program Files (x86)\MiKTeX 2.9\tex\latex\ms\ragged2e.sty"
Package: ragged2e 2009/05/21 v2.1 ragged2e Package (MS)

("C:\Program Files (x86)\MiKTeX 2.9\tex\latex\ms\everysel.sty"
Package: everysel 2011/10/28 v1.2 EverySelectfont Package (MS)
)
\CenteringLeftskip=\skip43
\RaggedLeftLeftskip=\skip44
\RaggedRightLeftskip=\skip45
\CenteringRightskip=\skip46
\RaggedLeftRightskip=\skip47
\RaggedRightRightskip=\skip48
\CenteringParfillskip=\skip49
\RaggedLeftParfillskip=\skip50
\RaggedRightParfillskip=\skip51
\JustifyingParfillskip=\skip52
\CenteringParindent=\skip53
\RaggedLeftParindent=\skip54
\RaggedRightParindent=\skip55
\JustifyingParindent=\skip56
)
("C:\Program Files (x86)\MiKTeX 2.9\tex\latex\amsmath\amsmath.sty"
Package: amsmath 2013/01/14 v2.14 AMS math features
\@mathmargin=\skip57

For additional information on amsmath, use the `?' option.
("C:\Program Files (x86)\MiKTeX 2.9\tex\latex\amsmath\amstext.sty"
Package: amstext 2000/06/29 v2.01

("C:\Program Files (x86)\MiKTeX 2.9\tex\latex\amsmath\amsgen.sty"
File: amsgen.sty 1999/11/30 v2.0
\@emptytoks=\toks16
\ex@=\dimen104
))
("C:\Program Files (x86)\MiKTeX 2.9\tex\latex\amsmath\amsbsy.sty"
Package: amsbsy 1999/11/29 v1.2d
\pmbraise@=\dimen105
)
("C:\Program Files (x86)\MiKTeX 2.9\tex\latex\amsmath\amsopn.sty"
Package: amsopn 1999/12/14 v2.01 operator names
)
\inf@bad=\count89
LaTeX Info: Redefining \frac on input line 210.
\uproot@=\count90
\leftroot@=\count91
LaTeX Info: Redefining \overline on input line 306.
\classnum@=\count92
\DOTSCASE@=\count93
LaTeX Info: Redefining \ldots on input line 378.
LaTeX Info: Redefining \dots on input line 381.
LaTeX Info: Redefining \cdots on input line 466.
\Mathstrutbox@=\box26
\strutbox@=\box27
\big@size=\dimen106
LaTeX Font Info:    Redeclaring font encoding OML on input line 566.
LaTeX Font Info:    Redeclaring font encoding OMS on input line 567.
\macc@depth=\count94
\c@MaxMatrixCols=\count95
\dotsspace@=\muskip10
\c@parentequation=\count96
\dspbrk@lvl=\count97
\tag@help=\toks17
\row@=\count98
\column@=\count99
\maxfields@=\count100
\andhelp@=\toks18
\eqnshift@=\dimen107
\alignsep@=\dimen108
\tagshift@=\dimen109
\tagwidth@=\dimen110
\totwidth@=\dimen111
\lineht@=\dimen112
\@envbody=\toks19
\multlinegap=\skip58
\multlinetaggap=\skip59
\mathdisplay@stack=\toks20
LaTeX Info: Redefining \[ on input line 2665.
LaTeX Info: Redefining \] on input line 2666.
)
("C:\Program Files (x86)\MiKTeX 2.9\tex\latex\amsfonts\amssymb.sty"
Package: amssymb 2013/01/14 v3.01 AMS font symbols

("C:\Program Files (x86)\MiKTeX 2.9\tex\latex\amsfonts\amsfonts.sty"
Package: amsfonts 2013/01/14 v3.01 Basic AMSFonts support
\symAMSa=\mathgroup4
\symAMSb=\mathgroup5
LaTeX Font Info:    Overwriting math alphabet `\mathfrak' in version `bold'
(Font)                  U/euf/m/n --> U/euf/b/n on input line 106.
))
("C:\Program Files (x86)\MiKTeX 2.9\tex\latex\psnfss\mathpazo.sty"
Package: mathpazo 2005/04/12 PSNFSS-v9.2a Palatino w/ Pazo Math (D.Puga, WaS) 
\symupright=\mathgroup6
)
("C:\Program Files (x86)\MiKTeX 2.9\tex\latex\fncychap\fncychap.sty"
Package: fncychap 2007/07/30 v1.34 LaTeX package (Revised chapters)
\RW=\skip60
\mylen=\skip61
\myhi=\skip62
\px=\skip63
\py=\skip64
\pyy=\skip65
\pxx=\skip66
)
("C:\Program Files (x86)\MiKTeX 2.9\tex\latex\fancyhdr\fancyhdr.sty"
\fancy@headwidth=\skip67
\f@ncyO@elh=\skip68
\f@ncyO@erh=\skip69
\f@ncyO@olh=\skip70
\f@ncyO@orh=\skip71
\f@ncyO@elf=\skip72
\f@ncyO@erf=\skip73
\f@ncyO@olf=\skip74
\f@ncyO@orf=\skip75
)
("C:\Program Files (x86)\MiKTeX 2.9\tex\latex\graphics\graphicx.sty"
Package: graphicx 1999/02/16 v1.0f Enhanced LaTeX Graphics (DPC,SPQR)

("C:\Program Files (x86)\MiKTeX 2.9\tex\latex\graphics\keyval.sty"
Package: keyval 1999/03/16 v1.13 key=value parser (DPC)
\KV@toks@=\toks21
)
("C:\Program Files (x86)\MiKTeX 2.9\tex\latex\graphics\graphics.sty"
Package: graphics 2009/02/05 v1.0o Standard LaTeX Graphics (DPC,SPQR)

("C:\Program Files (x86)\MiKTeX 2.9\tex\latex\graphics\trig.sty"
Package: trig 1999/03/16 v1.09 sin cos tan (DPC)
)
("C:\Program Files (x86)\MiKTeX 2.9\tex\latex\00miktex\graphics.cfg"
File: graphics.cfg 2007/01/18 v1.5 graphics configuration of teTeX/TeXLive
)
Package graphics Info: Driver file: pdftex.def on input line 91.

("C:\Program Files (x86)\MiKTeX 2.9\tex\latex\pdftex-def\pdftex.def"
File: pdftex.def 2011/05/27 v0.06d Graphics/color for pdfTeX

("C:\Program Files (x86)\MiKTeX 2.9\tex\generic\oberdiek\infwarerr.sty"
Package: infwarerr 2010/04/08 v1.3 Providing info/warning/error messages (HO)
)
("C:\Program Files (x86)\MiKTeX 2.9\tex\generic\oberdiek\ltxcmds.sty"
Package: ltxcmds 2011/11/09 v1.22 LaTeX kernel commands for general use (HO)
)
\Gread@gobject=\count101
))
\Gin@req@height=\dimen113
\Gin@req@width=\dimen114
)
("C:\Program Files (x86)\MiKTeX 2.9\tex\latex\amscls\amsthm.sty"
Package: amsthm 2004/08/06 v2.20
\thm@style=\toks22
\thm@bodyfont=\toks23
\thm@headfont=\toks24
\thm@notefont=\toks25
\thm@headpunct=\toks26
\thm@preskip=\skip76
\thm@postskip=\skip77
\thm@headsep=\skip78
\dth@everypar=\toks27
)
(C:\Users\Gabriele\AppData\Roaming\MiKTeX\2.9\tex\latex\mathtools\mathtools.sty
Package: mathtools 2014/07/16 v1.15 mathematical typesetting tools
("C:\Program Files (x86)\MiKTeX 2.9\tex\latex\tools\calc.sty"
Package: calc 2007/08/22 v4.3 Infix arithmetic (KKT,FJ)
\calc@Acount=\count102
\calc@Bcount=\count103
\calc@Adimen=\dimen115
\calc@Bdimen=\dimen116
\calc@Askip=\skip79
\calc@Bskip=\skip80
LaTeX Info: Redefining \setlength on input line 76.
LaTeX Info: Redefining \addtolength on input line 77.
\calc@Ccount=\count104
\calc@Cskip=\skip81
)
(C:\Users\Gabriele\AppData\Roaming\MiKTeX\2.9\tex\latex\mathtools\mhsetup.sty
Package: mhsetup 2010/01/21 v1.2a programming setup (MH)
)
LaTeX Info: Thecontrolsequence`\['isalreadyrobust on input line 129.
LaTeX Info: Thecontrolsequence`\]'isalreadyrobust on input line 129.
\g_MT_multlinerow_int=\count105
\l_MT_multwidth_dim=\dimen117
\origjot=\skip82
\l_MT_shortvdotswithinadjustabove_dim=\dimen118
\l_MT_shortvdotswithinadjustbelow_dim=\dimen119
\l_MT_above_intertext_sep=\dimen120
\l_MT_below_intertext_sep=\dimen121
\l_MT_above_shortintertext_sep=\dimen122
\l_MT_below_shortintertext_sep=\dimen123
) (C:\Users\Gabriele\AppData\Roaming\MiKTeX\2.9\tex\latex\caption\caption.sty
Package: caption 2013/05/02 v3.3-89 Customizing captions (AR)

(C:\Users\Gabriele\AppData\Roaming\MiKTeX\2.9\tex\latex\caption\caption3.sty
Package: caption3 2013/05/02 v1.6-88 caption3 kernel (AR)
Package caption3 Info: TeX engine: e-TeX on input line 57.
\captionmargin=\dimen124
\captionmargin@=\dimen125
\captionwidth=\dimen126
\caption@tempdima=\dimen127
\caption@indent=\dimen128
\caption@parindent=\dimen129
\caption@hangindent=\dimen130
)
\c@ContinuedFloat=\count106
)
(C:\Users\Gabriele\AppData\Roaming\MiKTeX\2.9\tex\latex\booktabs\booktabs.sty
Package: booktabs 2005/04/14 v1.61803 publication quality tables
\heavyrulewidth=\dimen131
\lightrulewidth=\dimen132
\cmidrulewidth=\dimen133
\belowrulesep=\dimen134
\belowbottomsep=\dimen135
\aboverulesep=\dimen136
\abovetopsep=\dimen137
\cmidrulesep=\dimen138
\cmidrulekern=\dimen139
\defaultaddspace=\dimen140
\@cmidla=\count107
\@cmidlb=\count108
\@aboverulesep=\dimen141
\@belowrulesep=\dimen142
\@thisruleclass=\count109
\@lastruleclass=\count110
\@thisrulewidth=\dimen143
)
("C:\Program Files (x86)\MiKTeX 2.9\tex\latex\hyperref\hyperref.sty"
Package: hyperref 2012/11/06 v6.83m Hypertext links for LaTeX

("C:\Program Files (x86)\MiKTeX 2.9\tex\generic\oberdiek\hobsub-hyperref.sty"
Package: hobsub-hyperref 2012/04/25 v1.12 Bundle oberdiek, subset hyperref (HO)


("C:\Program Files (x86)\MiKTeX 2.9\tex\generic\oberdiek\hobsub-generic.sty"
Package: hobsub-generic 2012/04/25 v1.12 Bundle oberdiek, subset generic (HO)
Package: hobsub 2012/04/25 v1.12 Construct package bundles (HO)
Package hobsub Info: Skipping package `infwarerr' (already loaded).
Package hobsub Info: Skipping package `ltxcmds' (already loaded).
Package: ifluatex 2010/03/01 v1.3 Provides the ifluatex switch (HO)
Package ifluatex Info: LuaTeX not detected.
Package: ifvtex 2010/03/01 v1.5 Detect VTeX and its facilities (HO)
Package ifvtex Info: VTeX not detected.
Package: intcalc 2007/09/27 v1.1 Expandable calculations with integers (HO)
Package: ifpdf 2011/01/30 v2.3 Provides the ifpdf switch (HO)
Package ifpdf Info: pdfTeX in PDF mode is detected.
Package: etexcmds 2011/02/16 v1.5 Avoid name clashes with e-TeX commands (HO)
Package etexcmds Info: Could not find \expanded.
(etexcmds)             That can mean that you are not using pdfTeX 1.50 or
(etexcmds)             that some package has redefined \expanded.
(etexcmds)             In the latter case, load this package earlier.
Package: kvsetkeys 2012/04/25 v1.16 Key value parser (HO)
Package: kvdefinekeys 2011/04/07 v1.3 Define keys (HO)
Package: pdftexcmds 2011/11/29 v0.20 Utility functions of pdfTeX for LuaTeX (HO
)
Package pdftexcmds Info: LuaTeX not detected.
Package pdftexcmds Info: \pdf@primitive is available.
Package pdftexcmds Info: \pdf@ifprimitive is available.
Package pdftexcmds Info: \pdfdraftmode found.
Package: pdfescape 2011/11/25 v1.13 Implements pdfTeX's escape features (HO)
Package: bigintcalc 2012/04/08 v1.3 Expandable calculations on big integers (HO
)
Package: bitset 2011/01/30 v1.1 Handle bit-vector datatype (HO)
Package: uniquecounter 2011/01/30 v1.2 Provide unlimited unique counter (HO)
)
Package hobsub Info: Skipping package `hobsub' (already loaded).
Package: letltxmacro 2010/09/02 v1.4 Let assignment for LaTeX macros (HO)
Package: hopatch 2011/06/24 v1.1 Wrapper for package hooks (HO)
Package: xcolor-patch 2011/01/30 xcolor patch
Package: atveryend 2011/06/30 v1.8 Hooks at the very end of document (HO)
Package atveryend Info: \enddocument detected (standard20110627).
Package: atbegshi 2011/10/05 v1.16 At begin shipout hook (HO)
Package: refcount 2011/10/16 v3.4 Data extraction from label references (HO)
Package: hycolor 2011/01/30 v1.7 Color options for hyperref/bookmark (HO)
)
("C:\Program Files (x86)\MiKTeX 2.9\tex\generic\ifxetex\ifxetex.sty"
Package: ifxetex 2010/09/12 v0.6 Provides ifxetex conditional
)
("C:\Program Files (x86)\MiKTeX 2.9\tex\latex\oberdiek\auxhook.sty"
Package: auxhook 2011/03/04 v1.3 Hooks for auxiliary files (HO)
)
("C:\Program Files (x86)\MiKTeX 2.9\tex\latex\oberdiek\kvoptions.sty"
Package: kvoptions 2011/06/30 v3.11 Key value format for package options (HO)
)
\@linkdim=\dimen144
\Hy@linkcounter=\count111
\Hy@pagecounter=\count112

("C:\Program Files (x86)\MiKTeX 2.9\tex\latex\hyperref\pd1enc.def"
File: pd1enc.def 2012/11/06 v6.83m Hyperref: PDFDocEncoding definition (HO)
Now handling font encoding PD1 ...
... no UTF-8 mapping file for font encoding PD1
)
\Hy@SavedSpaceFactor=\count113

("C:\Program Files (x86)\MiKTeX 2.9\tex\latex\00miktex\hyperref.cfg"
File: hyperref.cfg 2002/06/06 v1.2 hyperref configuration of TeXLive
)
Package hyperref Info: Hyper figures OFF on input line 4443.
Package hyperref Info: Link nesting OFF on input line 4448.
Package hyperref Info: Hyper index ON on input line 4451.
Package hyperref Info: Plain pages OFF on input line 4458.
Package hyperref Info: Backreferencing OFF on input line 4463.
Package hyperref Info: Implicit mode ON; LaTeX internals redefined.
Package hyperref Info: Bookmarks ON on input line 4688.
\c@Hy@tempcnt=\count114

(C:\Users\Gabriele\AppData\Roaming\MiKTeX\2.9\tex\latex\url\url.sty
\Urlmuskip=\muskip11
Package: url 2013/09/16  ver 3.4  Verb mode for urls, etc.
)
LaTeX Info: Redefining \url on input line 5041.
\XeTeXLinkMargin=\dimen145
\Fld@menulength=\count115
\Field@Width=\dimen146
\Fld@charsize=\dimen147
Package hyperref Info: Hyper figures OFF on input line 6295.
Package hyperref Info: Link nesting OFF on input line 6300.
Package hyperref Info: Hyper index ON on input line 6303.
Package hyperref Info: backreferencing OFF on input line 6310.
Package hyperref Info: Link coloring OFF on input line 6315.
Package hyperref Info: Link coloring with OCG OFF on input line 6320.
Package hyperref Info: PDF/A mode OFF on input line 6325.
LaTeX Info: Redefining \ref on input line 6365.
LaTeX Info: Redefining \pageref on input line 6369.
\Hy@abspage=\count116
\c@Item=\count117
\c@Hfootnote=\count118
)

Package hyperref Message: Driver (autodetected): hpdftex.

("C:\Program Files (x86)\MiKTeX 2.9\tex\latex\hyperref\hpdftex.def"
File: hpdftex.def 2012/11/06 v6.83m Hyperref driver for pdfTeX
\Fld@listcount=\count119
\c@bookmark@seq@number=\count120

("C:\Program Files (x86)\MiKTeX 2.9\tex\latex\oberdiek\rerunfilecheck.sty"
Package: rerunfilecheck 2011/04/15 v1.7 Rerun checks for auxiliary files (HO)
Package uniquecounter Info: New unique counter `rerunfilecheck' on input line 2
82.
)
\Hy@SectionHShift=\skip83
)
("C:\Program Files (x86)\MiKTeX 2.9\tex\latex\float\float.sty"
Package: float 2001/11/08 v1.3d Float enhancements (AL)
\c@float@type=\count121
\float@exts=\toks28
\float@box=\box28
\@float@everytoks=\toks29
\@floatcapt=\box29
)
("C:\Program Files (x86)\MiKTeX 2.9\tex\latex\subfigure\subfigure.sty"
Package: subfigure 2002/07/30 v2.1.4 subfigure package
\subfigtopskip=\skip84
\subfigcapskip=\skip85
\subfigcaptopadj=\dimen148
\subfigbottomskip=\skip86
\subfigcapmargin=\dimen149
\subfiglabelskip=\skip87
\c@subfigure=\count122
\c@lofdepth=\count123
\c@subtable=\count124
\c@lotdepth=\count125

****************************************
* Local config file subfigure.cfg used *
****************************************
("C:\Program Files (x86)\MiKTeX 2.9\tex\latex\subfigure\subfigure.cfg")
\subfig@top=\skip88
\subfig@bottom=\skip89
)
("C:\Program Files (x86)\MiKTeX 2.9\tex\latex\multirow\multirow.sty"
\bigstrutjot=\dimen150
)
("C:\Program Files (x86)\MiKTeX 2.9\tex\latex\tools\array.sty"
Package: array 2008/09/09 v2.4c Tabular extension package (FMi)
\col@sep=\dimen151
\extrarowheight=\dimen152
\NC@list=\toks30
\extratabsurround=\skip90
\backup@length=\skip91
)
("C:\Program Files (x86)\MiKTeX 2.9\tex\latex\graphics\lscape.sty"
Package: lscape 2000/10/22 v3.01 Landscape Pages (DPC)
)
("C:\Users\Gabriele\Desktop\Università\LAUREA MAGISTRALE\TESI DI LAUREA\Latex\
FINALE\FINALE.aux")
LaTeX Font Info:    Checking defaults for OML/cmm/m/it on input line 47.
LaTeX Font Info:    ... okay on input line 47.
LaTeX Font Info:    Checking defaults for T1/cmr/m/n on input line 47.
LaTeX Font Info:    ... okay on input line 47.
LaTeX Font Info:    Checking defaults for OT1/cmr/m/n on input line 47.
LaTeX Font Info:    ... okay on input line 47.
LaTeX Font Info:    Checking defaults for OMS/cmsy/m/n on input line 47.
LaTeX Font Info:    ... okay on input line 47.
LaTeX Font Info:    Checking defaults for OMX/cmex/m/n on input line 47.
LaTeX Font Info:    ... okay on input line 47.
LaTeX Font Info:    Checking defaults for U/cmr/m/n on input line 47.
LaTeX Font Info:    ... okay on input line 47.
LaTeX Font Info:    Checking defaults for LGR/cmr/m/n on input line 47.
LaTeX Font Info:    Try loading font information for LGR+cmr on input line 47.

("C:\Program Files (x86)\MiKTeX 2.9\tex\latex\cbfonts-fd\lgrcmr.fd"
File: lgrcmr.fd 2013/09/01 v1.0 Greek European Computer Regular
)
LaTeX Font Info:    ... okay on input line 47.
LaTeX Font Info:    Checking defaults for PD1/pdf/m/n on input line 47.
LaTeX Font Info:    ... okay on input line 47.
LaTeX Font Info:    Try loading font information for OT1+pplx on input line 47.


("C:\Program Files (x86)\MiKTeX 2.9\tex\latex\psnfss\ot1pplx.fd"
File: ot1pplx.fd 2004/09/06 font definitions for OT1/pplx.
)
ABD: EverySelectfont initializing macros
LaTeX Info: Redefining \selectfont on input line 47.

("C:\Program Files (x86)\MiKTeX 2.9\tex\context\base\supp-pdf.mkii"
[Loading MPS to PDF converter (version 2006.09.02).]
\scratchcounter=\count126
\scratchdimen=\dimen153
\scratchbox=\box30
\nofMPsegments=\count127
\nofMParguments=\count128
\everyMPshowfont=\toks31
\MPscratchCnt=\count129
\MPscratchDim=\dimen154
\MPnumerator=\count130
\makeMPintoPDFobject=\count131
\everyMPtoPDFconversion=\toks32
)
Package caption Info: Begin \AtBeginDocument code.
Package caption Info: float package is loaded.
Package caption Info: hyperref package is loaded.
Package caption Info: subfigure package is loaded.
Package caption Info: End \AtBeginDocument code.
\AtBeginShipoutBox=\box31
Package hyperref Info: Link coloring OFF on input line 47.
 ("C:\Program Files (x86)\MiKTeX 2.9\tex\latex\hyperref\nameref.sty"
Package: nameref 2012/10/27 v2.43 Cross-referencing by name of section

("C:\Program Files (x86)\MiKTeX 2.9\tex\generic\oberdiek\gettitlestring.sty"
Package: gettitlestring 2010/12/03 v1.4 Cleanup title references (HO)
)
\c@section@level=\count132
)
LaTeX Info: Redefining \ref on input line 47.
LaTeX Info: Redefining \pageref on input line 47.
LaTeX Info: Redefining \nameref on input line 47.

("C:\Users\Gabriele\Desktop\Università\LAUREA MAGISTRALE\TESI DI LAUREA\Latex\
FINALE\FINALE.out")
("C:\Users\Gabriele\Desktop\Università\LAUREA MAGISTRALE\TESI DI LAUREA\Latex\
FINALE\FINALE.out")
\@outlinefile=\write3
 [1


{C:/Users/Gabriele/AppData/Local/MiKTeX/2.9/pdftex/config/pdftex.map}] [2

] [3] [4

] [5] [6

]
("C:\Users\Gabriele\Desktop\Università\LAUREA MAGISTRALE\TESI DI LAUREA\Latex\
FINALE\FINALE.toc"
LaTeX Font Info:    Font shape `OT1/pplx/bx/n' in size <10.95> not available
(Font)              Font shape `OT1/pplx/b/n' tried instead on input line 2.
LaTeX Font Info:    Try loading font information for OML+zplm on input line 6.

("C:\Program Files (x86)\MiKTeX 2.9\tex\latex\psnfss\omlzplm.fd"
File: omlzplm.fd 2002/09/08 Fontinst v1.914 font definitions for OML/zplm.
)
LaTeX Font Info:    Try loading font information for OMS+zplm on input line 6.

("C:\Program Files (x86)\MiKTeX 2.9\tex\latex\psnfss\omszplm.fd"
File: omszplm.fd 2002/09/08 Fontinst v1.914 font definitions for OMS/zplm.
)
LaTeX Font Info:    Try loading font information for OMX+zplm on input line 6.

("C:\Program Files (x86)\MiKTeX 2.9\tex\latex\psnfss\omxzplm.fd"
File: omxzplm.fd 2002/09/08 Fontinst v1.914 font definitions for OMX/zplm.
)
LaTeX Font Info:    Font shape `U/msa/m/n' will be
(Font)              scaled to size 11.40997pt on input line 6.
LaTeX Font Info:    Font shape `U/msa/m/n' will be
(Font)              scaled to size 8.33606pt on input line 6.
LaTeX Font Info:    Font shape `U/msa/m/n' will be
(Font)              scaled to size 6.25204pt on input line 6.
LaTeX Font Info:    Font shape `U/msb/m/n' will be
(Font)              scaled to size 11.40997pt on input line 6.
LaTeX Font Info:    Font shape `U/msb/m/n' will be
(Font)              scaled to size 8.33606pt on input line 6.
LaTeX Font Info:    Font shape `U/msb/m/n' will be
(Font)              scaled to size 6.25204pt on input line 6.
LaTeX Font Info:    Try loading font information for OT1+zplm on input line 6.

("C:\Program Files (x86)\MiKTeX 2.9\tex\latex\psnfss\ot1zplm.fd"
File: ot1zplm.fd 2002/09/08 Fontinst v1.914 font definitions for OT1/zplm.
))
\tf@toc=\write4
 [1

]
LaTeX Font Info:    Font shape `OT1/pplx/m/sl' in size <10.95> not available
(Font)              Font shape `OT1/pplx/m/it' tried instead on input line 118.



Package Fancyhdr Warning: \headheight is too small (12.0pt): 
 Make it at least 13.59999pt.
 We now make it that large for the rest of the document.
 This may cause the page layout to be inconsistent, however.

[2

]
("C:\Users\Gabriele\Desktop\Università\LAUREA MAGISTRALE\TESI DI LAUREA\Latex\
FINALE\FINALE.lof"
! Missing $ inserted.
<inserted text> 
                $
l.7 ...a covariata.\relax }}{12}{figure.caption.8}
                                                  
I've inserted a begin-math/end-math symbol since I think
you left one out. Proceed, with fingers crossed.

! Extra }, or forgotten $.
<argument> ...DE nel caso senza covariata.\relax }
                                                  }\hyper@linkend 
l.7 ...a covariata.\relax }}{12}{figure.caption.8}
                                                  
I've deleted a group-closing symbol because it seems to be
spurious, as in `$x}$'. But perhaps the } is legitimate and
you forgot something else, as in `\hbox{$x}'. In such cases
the way to recover is to insert both the forgotten and the
deleted material, e.g., by typing `I$}'.

! Extra }, or forgotten $.
<argument> ...E nel caso senza covariata.\relax }}
                                                  \hyper@linkend 
l.7 ...a covariata.\relax }}{12}{figure.caption.8}
                                                  
I've deleted a group-closing symbol because it seems to be
spurious, as in `$x}$'. But perhaps the } is legitimate and
you forgot something else, as in `\hbox{$x}'. In such cases
the way to recover is to insert both the forgotten and the
deleted material, e.g., by typing `I$}'.

! Missing $ inserted.
<inserted text> 
                $
l.7 ...a covariata.\relax }}{12}{figure.caption.8}
                                                  
I've inserted something that you may have forgotten.
(See the <inserted text> above.)
With luck, this will get me unwedged. But if you
really didn't forget anything, try typing `2' now; then
my insertion and my current dilemma will both disappear.

! Missing } inserted.
<inserted text> 
                }
l.7 ...a covariata.\relax }}{12}{figure.caption.8}
                                                  
I've inserted something that you may have forgotten.
(See the <inserted text> above.)
With luck, this will get me unwedged. But if you
really didn't forget anything, try typing `2' now; then
my insertion and my current dilemma will both disappear.

! Missing } inserted.
<inserted text> 
                }
l.7 ...a covariata.\relax }}{12}{figure.caption.8}
                                                  
I've inserted something that you may have forgotten.
(See the <inserted text> above.)
With luck, this will get me unwedged. But if you
really didn't forget anything, try typing `2' now; then
my insertion and my current dilemma will both disappear.


Overfull \hbox (251.55568pt too wide) in paragraph at lines 7--7
 [][] [][]\OT1/pplx/m/n/10.95 Per al-cu-ni istan-ti di tem-po, fun-zio-ne te-st
 $\OML/zplm/m/it/10.95 f\OT1/zplm/m/n/10.95 ($$[]$\OT1/pplx/m/n/10.95 ,t)$\OML/
zplm/m/it/10.95 reale\OT1/pplx/m/n/10.95 , \OML/zplm/m/it/10.95 datisimulati\OT
1/pplx/m/n/10.95 , \OML/zplm/m/it/10.95 stimeottenuterispettivamenteconkrigings
pazio \OMS/zplm/m/n/10.95  $ 
 []


Overfull \hbox (125.03993pt too wide) in paragraph at lines 7--7
 $\OML/zplm/m/it/10.95 temporale\OT1/pplx/m/n/10.95 , \OML/zplm/m/it/10.95 GAMM
consoapfilmsmoothing\OT1/pplx/m/n/10.95 , \OML/zplm/m/it/10.95 GAMMconthinplate
splinesestimaconSTR \OMS/zplm/m/n/10.95  $ 
 []

! Missing $ inserted.
<inserted text> 
                $
l.11 ...covariata.\relax }}{14}{figure.caption.10}
                                                  
I've inserted a begin-math/end-math symbol since I think
you left one out. Proceed, with fingers crossed.

! Extra }, or forgotten $.
<argument> ...-PDE nel caso con covariata.\relax }
                                                  }\hyper@linkend 
l.11 ...covariata.\relax }}{14}{figure.caption.10}
                                                  
I've deleted a group-closing symbol because it seems to be
spurious, as in `$x}$'. But perhaps the } is legitimate and
you forgot something else, as in `\hbox{$x}'. In such cases
the way to recover is to insert both the forgotten and the
deleted material, e.g., by typing `I$}'.

! Extra }, or forgotten $.
<argument> ...PDE nel caso con covariata.\relax }}
                                                  \hyper@linkend 
l.11 ...covariata.\relax }}{14}{figure.caption.10}
                                                  
I've deleted a group-closing symbol because it seems to be
spurious, as in `$x}$'. But perhaps the } is legitimate and
you forgot something else, as in `\hbox{$x}'. In such cases
the way to recover is to insert both the forgotten and the
deleted material, e.g., by typing `I$}'.

! Missing $ inserted.
<inserted text> 
                $
l.11 ...covariata.\relax }}{14}{figure.caption.10}
                                                  
I've inserted something that you may have forgotten.
(See the <inserted text> above.)
With luck, this will get me unwedged. But if you
really didn't forget anything, try typing `2' now; then
my insertion and my current dilemma will both disappear.

! Missing } inserted.
<inserted text> 
                }
l.11 ...covariata.\relax }}{14}{figure.caption.10}
                                                  
I've inserted something that you may have forgotten.
(See the <inserted text> above.)
With luck, this will get me unwedged. But if you
really didn't forget anything, try typing `2' now; then
my insertion and my current dilemma will both disappear.

! Missing } inserted.
<inserted text> 
                }
l.11 ...covariata.\relax }}{14}{figure.caption.10}
                                                  
I've inserted something that you may have forgotten.
(See the <inserted text> above.)
With luck, this will get me unwedged. But if you
really didn't forget anything, try typing `2' now; then
my insertion and my current dilemma will both disappear.


Overfull \hbox (540.39998pt too wide) in paragraph at lines 11--11
 [][] [][]\OT1/pplx/m/n/10.95 Per al-cu-ni istan-ti di tem-po, fun-zio-ne te-st
 $\OML/zplm/m/it/10.95 f\OT1/zplm/m/n/10.95 ($$[]$\OT1/pplx/m/n/10.95 ,t)$\OML/
zplm/m/it/10.95 reale\OT1/pplx/m/n/10.95 , \OML/zplm/m/it/10.95 datisimulati\OT
1/pplx/m/n/10.95 , \OML/zplm/m/it/10.95 stimeottenuterispettivamenteconGAMMcons
oapfilmsmoothing\OT1/pplx/m/n/10.95 , \OML/zplm/m/it/10.95 GAMMconthinplatespli
nesestimaconSTR \OMS/zplm/m/n/10.95  $ 
 []

)
\tf@lof=\write5
 [3]

Package Fancyhdr Warning: \headheight is too small (12.0pt): 
 Make it at least 13.59999pt.
 We now make it that large for the rest of the document.
 This may cause the page layout to be inconsistent, however.

[4

]
LaTeX Font Info:    Font shape `U/msa/m/n' will be
(Font)              scaled to size 9.37807pt on input line 125.
LaTeX Font Info:    Font shape `U/msa/m/n' will be
(Font)              scaled to size 7.29405pt on input line 125.
LaTeX Font Info:    Font shape `U/msa/m/n' will be
(Font)              scaled to size 5.21004pt on input line 125.
LaTeX Font Info:    Font shape `U/msb/m/n' will be
(Font)              scaled to size 9.37807pt on input line 125.
LaTeX Font Info:    Font shape `U/msb/m/n' will be
(Font)              scaled to size 7.29405pt on input line 125.
LaTeX Font Info:    Font shape `U/msb/m/n' will be
(Font)              scaled to size 5.21004pt on input line 125.

Underfull \hbox (badness 10000) in paragraph at lines 125--125
[][][][]\OT1/pplx/m/n/9 http://dati.veneto.it/dataset/produzione-annua-di-rifiu
ti-urbani-totale-e-pro-capite-
 []

pdfTeX warning (ext4): destination with the same identifier (name{page.1}) has 
been already used, duplicate ignored
<to be read again> 
                   \relax 
l.128 
       [1

]

Package Fancyhdr Warning: \headheight is too small (12.0pt): 
 Make it at least 13.59999pt.
 We now make it that large for the rest of the document.
 This may cause the page layout to be inconsistent, however.

pdfTeX warning (ext4): destination with the same identifier (name{page.2}) has 
been already used, duplicate ignored
<to be read again> 
                   \relax 
l.131 \chapter
              {Panoramica sui modelli già esistenti} [2]
Capitolo 1.
pdfTeX warning (ext4): destination with the same identifier (name{page.3}) has 
been already used, duplicate ignored
<to be read again> 
                   \relax 
l.134 \chapter
              {Presentazione modello} [3

]

Package Fancyhdr Warning: \headheight is too small (12.0pt): 
 Make it at least 13.59999pt.
 We now make it that large for the rest of the document.
 This may cause the page layout to be inconsistent, however.

pdfTeX warning (ext4): destination with the same identifier (name{page.4}) has 
been already used, duplicate ignored
<to be read again> 
                   \relax 
l.134 \chapter
              {Presentazione modello} [4

]
Capitolo 2.
pdfTeX warning (ext4): destination with the same identifier (name{page.5}) has 
been already used, duplicate ignored
<to be read again> 
                   \relax 
l.137 \chapter
              {Applicazione al dominio a forma di C} [5]

Package Fancyhdr Warning: \headheight is too small (12.0pt): 
 Make it at least 13.59999pt.
 We now make it that large for the rest of the document.
 This may cause the page layout to be inconsistent, however.

pdfTeX warning (ext4): destination with the same identifier (name{page.6}) has 
been already used, duplicate ignored
<to be read again> 
                   \relax 
l.137 \chapter
              {Applicazione al dominio a forma di C} [6

]
Capitolo 3.
[7]

Package Fancyhdr Warning: \headheight is too small (12.0pt): 
 Make it at least 13.59999pt.
 We now make it that large for the rest of the document.
 This may cause the page layout to be inconsistent, however.

[8

]
Capitolo 4.
LaTeX Font Info:    Try loading font information for OMS+pplx on input line 147
.
LaTeX Font Info:    No file OMSpplx.fd. on input line 147.

LaTeX Font Warning: Font shape `OMS/pplx/m/n' undefined
(Font)              using `OMS/cmsy/m/n' instead
(Font)              for symbol `textbullet' on input line 147.

[9]

Package Fancyhdr Warning: \headheight is too small (12.0pt): 
 Make it at least 13.59999pt.
 We now make it that large for the rest of the document.
 This may cause the page layout to be inconsistent, however.

[10]
LaTeX Font Info:    Font shape `OT1/pplx/bx/n' in size <14.4> not available
(Font)              Font shape `OT1/pplx/b/n' tried instead on input line 163.
 <Immagini/Confronto_metodi.png, id=175, 481.8pt x 481.8pt>
File: Immagini/Confronto_metodi.png Graphic file (type png)

<use Immagini/Confronto_metodi.png>
Package pdftex.def Info: Immagini/Confronto_metodi.png used on input line 170.
(pdftex.def)             Requested size: 216.0022pt x 215.9993pt.


Package Fancyhdr Warning: \headheight is too small (12.0pt): 
 Make it at least 13.59999pt.
 We now make it that large for the rest of the document.
 This may cause the page layout to be inconsistent, however.

[11 <C:/Users/Gabriele/Desktop/Università/LAUREA MAGISTRALE/TESI DI LAUREA/Lat
ex/FINALE/Immagini/Confronto_metodi.png>]
<immagini/simulazioni/REALEtempo1.png, id=181, 481.8pt x 481.8pt>
File: immagini/simulazioni/REALEtempo1.png Graphic file (type png)

<use immagini/simulazioni/REALEtempo1.png>
Package pdftex.def Info: immagini/simulazioni/REALEtempo1.png used on input lin
e 178.
(pdftex.def)             Requested size: 90.0pt x 89.9991pt.

<immagini/simulazioni/Dati_tempo1.png, id=182, 469.755pt x 433.62pt>
File: immagini/simulazioni/Dati_tempo1.png Graphic file (type png)

<use immagini/simulazioni/Dati_tempo1.png>
Package pdftex.def Info: immagini/simulazioni/Dati_tempo1.png used on input lin
e 179.
(pdftex.def)             Requested size: 97.49744pt x 90.0pt.

<immagini/simulazioni/KRIGtempo1.png, id=183, 481.8pt x 481.8pt>
File: immagini/simulazioni/KRIGtempo1.png Graphic file (type png)

<use immagini/simulazioni/KRIGtempo1.png>
Package pdftex.def Info: immagini/simulazioni/KRIGtempo1.png used on input line
 180.
(pdftex.def)             Requested size: 90.0pt x 89.9991pt.

<immagini/simulazioni/SOAPtempo1.png, id=184, 481.8pt x 481.8pt>
File: immagini/simulazioni/SOAPtempo1.png Graphic file (type png)

<use immagini/simulazioni/SOAPtempo1.png>
Package pdftex.def Info: immagini/simulazioni/SOAPtempo1.png used on input line
 181.
(pdftex.def)             Requested size: 90.0pt x 89.9991pt.

<immagini/simulazioni/TPStempo1.png, id=185, 481.8pt x 481.8pt>
File: immagini/simulazioni/TPStempo1.png Graphic file (type png)

<use immagini/simulazioni/TPStempo1.png>
Package pdftex.def Info: immagini/simulazioni/TPStempo1.png used on input line 
182.
(pdftex.def)             Requested size: 90.0pt x 89.9991pt.

<immagini/simulazioni/STSRtempo1.png, id=186, 481.8pt x 481.8pt>
File: immagini/simulazioni/STSRtempo1.png Graphic file (type png)

<use immagini/simulazioni/STSRtempo1.png>
Package pdftex.def Info: immagini/simulazioni/STSRtempo1.png used on input line
 183.
(pdftex.def)             Requested size: 90.0pt x 89.9991pt.

<immagini/simulazioni/REALEtempo2.png, id=187, 481.8pt x 481.8pt>
File: immagini/simulazioni/REALEtempo2.png Graphic file (type png)

<use immagini/simulazioni/REALEtempo2.png>
Package pdftex.def Info: immagini/simulazioni/REALEtempo2.png used on input lin
e 185.
(pdftex.def)             Requested size: 90.0pt x 89.9991pt.

<immagini/simulazioni/Dati_tempo2.png, id=188, 469.755pt x 433.62pt>
File: immagini/simulazioni/Dati_tempo2.png Graphic file (type png)

<use immagini/simulazioni/Dati_tempo2.png>
Package pdftex.def Info: immagini/simulazioni/Dati_tempo2.png used on input lin
e 186.
(pdftex.def)             Requested size: 97.49744pt x 90.0pt.

<immagini/simulazioni/KRIGtempo2.png, id=189, 481.8pt x 481.8pt>
File: immagini/simulazioni/KRIGtempo2.png Graphic file (type png)

<use immagini/simulazioni/KRIGtempo2.png>
Package pdftex.def Info: immagini/simulazioni/KRIGtempo2.png used on input line
 187.
(pdftex.def)             Requested size: 90.0pt x 89.9991pt.

<immagini/simulazioni/SOAPtempo2.png, id=190, 481.8pt x 481.8pt>
File: immagini/simulazioni/SOAPtempo2.png Graphic file (type png)

<use immagini/simulazioni/SOAPtempo2.png>
Package pdftex.def Info: immagini/simulazioni/SOAPtempo2.png used on input line
 188.
(pdftex.def)             Requested size: 90.0pt x 89.9991pt.

<immagini/simulazioni/TPStempo2.png, id=191, 481.8pt x 481.8pt>
File: immagini/simulazioni/TPStempo2.png Graphic file (type png)

<use immagini/simulazioni/TPStempo2.png>
Package pdftex.def Info: immagini/simulazioni/TPStempo2.png used on input line 
189.
(pdftex.def)             Requested size: 90.0pt x 89.9991pt.

<immagini/simulazioni/STSRtempo2.png, id=192, 481.8pt x 481.8pt>
File: immagini/simulazioni/STSRtempo2.png Graphic file (type png)

<use immagini/simulazioni/STSRtempo2.png>
Package pdftex.def Info: immagini/simulazioni/STSRtempo2.png used on input line
 190.
(pdftex.def)             Requested size: 90.0pt x 89.9991pt.

<immagini/simulazioni/REALEtempo3.png, id=193, 481.8pt x 481.8pt>
File: immagini/simulazioni/REALEtempo3.png Graphic file (type png)

<use immagini/simulazioni/REALEtempo3.png>
Package pdftex.def Info: immagini/simulazioni/REALEtempo3.png used on input lin
e 192.
(pdftex.def)             Requested size: 90.0pt x 89.9991pt.

<immagini/simulazioni/Dati_tempo3.png, id=194, 469.755pt x 433.62pt>
File: immagini/simulazioni/Dati_tempo3.png Graphic file (type png)

<use immagini/simulazioni/Dati_tempo3.png>
Package pdftex.def Info: immagini/simulazioni/Dati_tempo3.png used on input lin
e 193.
(pdftex.def)             Requested size: 97.49744pt x 90.0pt.

<immagini/simulazioni/KRIGtempo3.png, id=195, 481.8pt x 481.8pt>
File: immagini/simulazioni/KRIGtempo3.png Graphic file (type png)

<use immagini/simulazioni/KRIGtempo3.png>
Package pdftex.def Info: immagini/simulazioni/KRIGtempo3.png used on input line
 194.
(pdftex.def)             Requested size: 90.0pt x 89.9991pt.

<immagini/simulazioni/SOAPtempo3.png, id=196, 481.8pt x 481.8pt>
File: immagini/simulazioni/SOAPtempo3.png Graphic file (type png)

<use immagini/simulazioni/SOAPtempo3.png>
Package pdftex.def Info: immagini/simulazioni/SOAPtempo3.png used on input line
 195.
(pdftex.def)             Requested size: 90.0pt x 89.9991pt.

<immagini/simulazioni/TPStempo3.png, id=197, 481.8pt x 481.8pt>
File: immagini/simulazioni/TPStempo3.png Graphic file (type png)

<use immagini/simulazioni/TPStempo3.png>
Package pdftex.def Info: immagini/simulazioni/TPStempo3.png used on input line 
196.
(pdftex.def)             Requested size: 90.0pt x 89.9991pt.

<immagini/simulazioni/STSRtempo3.png, id=198, 481.8pt x 481.8pt>
File: immagini/simulazioni/STSRtempo3.png Graphic file (type png)

<use immagini/simulazioni/STSRtempo3.png>
Package pdftex.def Info: immagini/simulazioni/STSRtempo3.png used on input line
 197.
(pdftex.def)             Requested size: 90.0pt x 89.9991pt.

<immagini/simulazioni/REALEtempo4.png, id=199, 481.8pt x 481.8pt>
File: immagini/simulazioni/REALEtempo4.png Graphic file (type png)

<use immagini/simulazioni/REALEtempo4.png>
Package pdftex.def Info: immagini/simulazioni/REALEtempo4.png used on input lin
e 199.
(pdftex.def)             Requested size: 90.0pt x 89.9991pt.

<immagini/simulazioni/Dati_tempo4.png, id=200, 469.755pt x 433.62pt>
File: immagini/simulazioni/Dati_tempo4.png Graphic file (type png)

<use immagini/simulazioni/Dati_tempo4.png>
Package pdftex.def Info: immagini/simulazioni/Dati_tempo4.png used on input lin
e 200.
(pdftex.def)             Requested size: 97.49744pt x 90.0pt.

<immagini/simulazioni/KRIGtempo4.png, id=201, 481.8pt x 481.8pt>
File: immagini/simulazioni/KRIGtempo4.png Graphic file (type png)

<use immagini/simulazioni/KRIGtempo4.png>
Package pdftex.def Info: immagini/simulazioni/KRIGtempo4.png used on input line
 201.
(pdftex.def)             Requested size: 90.0pt x 89.9991pt.

<immagini/simulazioni/SOAPtempo4.png, id=202, 481.8pt x 481.8pt>
File: immagini/simulazioni/SOAPtempo4.png Graphic file (type png)

<use immagini/simulazioni/SOAPtempo4.png>
Package pdftex.def Info: immagini/simulazioni/SOAPtempo4.png used on input line
 202.
(pdftex.def)             Requested size: 90.0pt x 89.9991pt.

<immagini/simulazioni/TPStempo4.png, id=203, 481.8pt x 481.8pt>
File: immagini/simulazioni/TPStempo4.png Graphic file (type png)

<use immagini/simulazioni/TPStempo4.png>
Package pdftex.def Info: immagini/simulazioni/TPStempo4.png used on input line 
203.
(pdftex.def)             Requested size: 90.0pt x 89.9991pt.

<immagini/simulazioni/STSRtempo4.png, id=204, 481.8pt x 481.8pt>
File: immagini/simulazioni/STSRtempo4.png Graphic file (type png)

<use immagini/simulazioni/STSRtempo4.png>
Package pdftex.def Info: immagini/simulazioni/STSRtempo4.png used on input line
 204.
(pdftex.def)             Requested size: 90.0pt x 89.9991pt.


LaTeX Warning: Float too large for page by 53.8pt on input line 208.


Package Fancyhdr Warning: \headheight is too small (12.0pt): 
 Make it at least 13.59999pt.
 We now make it that large for the rest of the document.
 This may cause the page layout to be inconsistent, however.

[12 <C:/Users/Gabriele/Desktop/Università/LAUREA MAGISTRALE/TESI DI LAUREA/Lat
ex/FINALE/immagini/simulazioni/REALEtempo1.png (PNG copy)> <C:/Users/Gabriele/D
esktop/Università/LAUREA MAGISTRALE/TESI DI LAUREA/Latex/FINALE/immagini/simul
azioni/Dati_tempo1.png> <C:/Users/Gabriele/Desktop/Università/LAUREA MAGISTRAL
E/TESI DI LAUREA/Latex/FINALE/immagini/simulazioni/KRIGtempo1.png (PNG copy)> <
C:/Users/Gabriele/Desktop/Università/LAUREA MAGISTRALE/TESI DI LAUREA/Latex/FI
NALE/immagini/simulazioni/SOAPtempo1.png> <C:/Users/Gabriele/Desktop/Universit
/LAUREA MAGISTRALE/TESI DI LAUREA/Latex/FINALE/immagini/simulazioni/TPStempo1.
png (PNG copy)> <C:/Users/Gabriele/Desktop/Università/LAUREA MAGISTRALE/TESI D
I LAUREA/Latex/FINALE/immagini/simulazioni/STSRtempo1.png> <C:/Users/Gabriele/D
esktop/Università/LAUREA MAGISTRALE/TESI DI LAUREA/Latex/FINALE/immagini/simul
azioni/REALEtempo2.png> <C:/Users/Gabriele/Desktop/Università/LAUREA MAGISTRAL
E/TESI DI LAUREA/Latex/FINALE/immagini/simulazioni/Dati_tempo2.png> <C:/Users/G
abriele/Desktop/Università/LAUREA MAGISTRALE/TESI DI LAUREA/Latex/FINALE/immag
ini/simulazioni/KRIGtempo2.png (PNG copy)> <C:/Users/Gabriele/Desktop/Universit
à/LAUREA MAGISTRALE/TESI DI LAUREA/Latex/FINALE/immagini/simulazioni/SOAPtempo
2.png> <C:/Users/Gabriele/Desktop/Università/LAUREA MAGISTRALE/TESI DI LAUREA/
Latex/FINALE/immagini/simulazioni/TPStempo2.png> <C:/Users/Gabriele/Desktop/Uni
versità/LAUREA MAGISTRALE/TESI DI LAUREA/Latex/FINALE/immagini/simulazioni/STS
Rtempo2.png> <C:/Users/Gabriele/Desktop/Università/LAUREA MAGISTRALE/TESI DI L
AUREA/Latex/FINALE/immagini/simulazioni/REALEtempo3.png> <C:/Users/Gabriele/Des
ktop/Università/LAUREA MAGISTRALE/TESI DI LAUREA/Latex/FINALE/immagini/simulaz
ioni/Dati_tempo3.png> <C:/Users/Gabriele/Desktop/Università/LAUREA MAGISTRALE/
TESI DI LAUREA/Latex/FINALE/immagini/simulazioni/KRIGtempo3.png> <C:/Users/Gabr
iele/Desktop/Università/LAUREA MAGISTRALE/TESI DI LAUREA/Latex/FINALE/immagini
/simulazioni/SOAPtempo3.png> <C:/Users/Gabriele/Desktop/Università/LAUREA MAGI
STRALE/TESI DI LAUREA/Latex/FINALE/immagini/simulazioni/TPStempo3.png> <C:/User
s/Gabriele/Desktop/Università/LAUREA MAGISTRALE/TESI DI LAUREA/Latex/FINALE/im
magini/simulazioni/STSRtempo3.png> <C:/Users/Gabriele/Desktop/Università/LAURE
A MAGISTRALE/TESI DI LAUREA/Latex/FINALE/immagini/simulazioni/REALEtempo4.png> 
<C:/Users/Gabriele/Desktop/Università/LAUREA MAGISTRALE/TESI DI LAUREA/Latex/F
INALE/immagini/simulazioni/Dati_tempo4.png> <C:/Users/Gabriele/Desktop/Universi
tà/LAUREA MAGISTRALE/TESI DI LAUREA/Latex/FINALE/immagini/simulazioni/KRIGtemp
o4.png (PNG copy)> <C:/Users/Gabriele/Desktop/Università/LAUREA MAGISTRALE/TES
I DI LAUREA/Latex/FINALE/immagini/simulazioni/SOAPtempo4.png> <C:/Users/Gabriel
e/Desktop/Università/LAUREA MAGISTRALE/TESI DI LAUREA/Latex/FINALE/immagini/si
mulazioni/TPStempo4.png> <C:/Users/Gabriele/Desktop/Università/LAUREA MAGISTRA
LE/TESI DI LAUREA/Latex/FINALE/immagini/simulazioni/STSRtempo4.png>]
<Immagini/Confronto_metodi_covar.png, id=232, 481.8pt x 481.8pt>
File: Immagini/Confronto_metodi_covar.png Graphic file (type png)

<use Immagini/Confronto_metodi_covar.png>
Package pdftex.def Info: Immagini/Confronto_metodi_covar.png used on input line
 226.
(pdftex.def)             Requested size: 165.60242pt x 165.59628pt.

<Immagini/Confronto_metodi_beta.png, id=233, 481.8pt x 481.8pt>
File: Immagini/Confronto_metodi_beta.png Graphic file (type png)

<use Immagini/Confronto_metodi_beta.png>
Package pdftex.def Info: Immagini/Confronto_metodi_beta.png used on input line 
231.
(pdftex.def)             Requested size: 165.60242pt x 165.59628pt.


Package Fancyhdr Warning: \headheight is too small (12.0pt): 
 Make it at least 13.59999pt.
 We now make it that large for the rest of the document.
 This may cause the page layout to be inconsistent, however.

[13


 <C:/Users/Gabriele/Desktop/Università/LAUREA MAGISTRALE/TESI DI LAUREA/Latex/
FINALE/Immagini/Confronto_metodi_covar.png> <C:/Users/Gabriele/Desktop/Universi
tà/LAUREA MAGISTRALE/TESI DI LAUREA/Latex/FINALE/Immagini/Confronto_metodi_bet
a.png>]
<immagini/simulazioni_covar/REALEtempo1.png, id=242, 481.8pt x 481.8pt>
File: immagini/simulazioni_covar/REALEtempo1.png Graphic file (type png)

<use immagini/simulazioni_covar/REALEtempo1.png>
Package pdftex.def Info: immagini/simulazioni_covar/REALEtempo1.png used on inp
ut line 239.
(pdftex.def)             Requested size: 90.0pt x 89.9991pt.

<immagini/simulazioni_covar/Dati_tempo1.png, id=243, 433.62pt x 361.35pt>
File: immagini/simulazioni_covar/Dati_tempo1.png Graphic file (type png)

<use immagini/simulazioni_covar/Dati_tempo1.png>
Package pdftex.def Info: immagini/simulazioni_covar/Dati_tempo1.png used on inp
ut line 240.
(pdftex.def)             Requested size: 108.00111pt x 90.0pt.

<immagini/simulazioni_covar/SOAPtempo1.png, id=244, 481.8pt x 481.8pt>
File: immagini/simulazioni_covar/SOAPtempo1.png Graphic file (type png)

<use immagini/simulazioni_covar/SOAPtempo1.png>
Package pdftex.def Info: immagini/simulazioni_covar/SOAPtempo1.png used on inpu
t line 241.
(pdftex.def)             Requested size: 90.0pt x 89.9991pt.

<immagini/simulazioni_covar/TPStempo1.png, id=245, 481.8pt x 481.8pt>
File: immagini/simulazioni_covar/TPStempo1.png Graphic file (type png)

<use immagini/simulazioni_covar/TPStempo1.png>
Package pdftex.def Info: immagini/simulazioni_covar/TPStempo1.png used on input
 line 242.
(pdftex.def)             Requested size: 90.0pt x 89.9991pt.

<immagini/simulazioni_covar/STSRtempo1.png, id=246, 481.8pt x 481.8pt>
File: immagini/simulazioni_covar/STSRtempo1.png Graphic file (type png)

<use immagini/simulazioni_covar/STSRtempo1.png>
Package pdftex.def Info: immagini/simulazioni_covar/STSRtempo1.png used on inpu
t line 243.
(pdftex.def)             Requested size: 90.0pt x 89.9991pt.

<immagini/simulazioni_covar/REALEtempo2.png, id=247, 481.8pt x 481.8pt>
File: immagini/simulazioni_covar/REALEtempo2.png Graphic file (type png)

<use immagini/simulazioni_covar/REALEtempo2.png>
Package pdftex.def Info: immagini/simulazioni_covar/REALEtempo2.png used on inp
ut line 245.
(pdftex.def)             Requested size: 90.0pt x 89.9991pt.

<immagini/simulazioni_covar/Dati_tempo2.png, id=248, 433.62pt x 361.35pt>
File: immagini/simulazioni_covar/Dati_tempo2.png Graphic file (type png)

<use immagini/simulazioni_covar/Dati_tempo2.png>
Package pdftex.def Info: immagini/simulazioni_covar/Dati_tempo2.png used on inp
ut line 246.
(pdftex.def)             Requested size: 108.00111pt x 90.0pt.

<immagini/simulazioni_covar/SOAPtempo2.png, id=249, 481.8pt x 481.8pt>
File: immagini/simulazioni_covar/SOAPtempo2.png Graphic file (type png)

<use immagini/simulazioni_covar/SOAPtempo2.png>
Package pdftex.def Info: immagini/simulazioni_covar/SOAPtempo2.png used on inpu
t line 247.
(pdftex.def)             Requested size: 90.0pt x 89.9991pt.

<immagini/simulazioni_covar/TPStempo2.png, id=250, 481.8pt x 481.8pt>
File: immagini/simulazioni_covar/TPStempo2.png Graphic file (type png)

<use immagini/simulazioni_covar/TPStempo2.png>
Package pdftex.def Info: immagini/simulazioni_covar/TPStempo2.png used on input
 line 248.
(pdftex.def)             Requested size: 90.0pt x 89.9991pt.

<immagini/simulazioni_covar/STSRtempo2.png, id=251, 481.8pt x 481.8pt>
File: immagini/simulazioni_covar/STSRtempo2.png Graphic file (type png)

<use immagini/simulazioni_covar/STSRtempo2.png>
Package pdftex.def Info: immagini/simulazioni_covar/STSRtempo2.png used on inpu
t line 249.
(pdftex.def)             Requested size: 90.0pt x 89.9991pt.

<immagini/simulazioni_covar/REALEtempo3.png, id=252, 481.8pt x 481.8pt>
File: immagini/simulazioni_covar/REALEtempo3.png Graphic file (type png)

<use immagini/simulazioni_covar/REALEtempo3.png>
Package pdftex.def Info: immagini/simulazioni_covar/REALEtempo3.png used on inp
ut line 251.
(pdftex.def)             Requested size: 90.0pt x 89.9991pt.

<immagini/simulazioni_covar/Dati_tempo3.png, id=253, 433.62pt x 361.35pt>
File: immagini/simulazioni_covar/Dati_tempo3.png Graphic file (type png)

<use immagini/simulazioni_covar/Dati_tempo3.png>
Package pdftex.def Info: immagini/simulazioni_covar/Dati_tempo3.png used on inp
ut line 252.
(pdftex.def)             Requested size: 108.00111pt x 90.0pt.

<immagini/simulazioni_covar/SOAPtempo3.png, id=254, 481.8pt x 481.8pt>
File: immagini/simulazioni_covar/SOAPtempo3.png Graphic file (type png)

<use immagini/simulazioni_covar/SOAPtempo3.png>
Package pdftex.def Info: immagini/simulazioni_covar/SOAPtempo3.png used on inpu
t line 253.
(pdftex.def)             Requested size: 90.0pt x 89.9991pt.

<immagini/simulazioni_covar/TPStempo3.png, id=255, 481.8pt x 481.8pt>
File: immagini/simulazioni_covar/TPStempo3.png Graphic file (type png)

<use immagini/simulazioni_covar/TPStempo3.png>
Package pdftex.def Info: immagini/simulazioni_covar/TPStempo3.png used on input
 line 254.
(pdftex.def)             Requested size: 90.0pt x 89.9991pt.

<immagini/simulazioni_covar/STSRtempo3.png, id=256, 481.8pt x 481.8pt>
File: immagini/simulazioni_covar/STSRtempo3.png Graphic file (type png)

<use immagini/simulazioni_covar/STSRtempo3.png>
Package pdftex.def Info: immagini/simulazioni_covar/STSRtempo3.png used on inpu
t line 255.
(pdftex.def)             Requested size: 90.0pt x 89.9991pt.

<immagini/simulazioni_covar/REALEtempo4.png, id=257, 481.8pt x 481.8pt>
File: immagini/simulazioni_covar/REALEtempo4.png Graphic file (type png)

<use immagini/simulazioni_covar/REALEtempo4.png>
Package pdftex.def Info: immagini/simulazioni_covar/REALEtempo4.png used on inp
ut line 257.
(pdftex.def)             Requested size: 90.0pt x 89.9991pt.

<immagini/simulazioni_covar/Dati_tempo4.png, id=258, 433.62pt x 361.35pt>
File: immagini/simulazioni_covar/Dati_tempo4.png Graphic file (type png)

<use immagini/simulazioni_covar/Dati_tempo4.png>
Package pdftex.def Info: immagini/simulazioni_covar/Dati_tempo4.png used on inp
ut line 258.
(pdftex.def)             Requested size: 108.00111pt x 90.0pt.

<immagini/simulazioni_covar/SOAPtempo4.png, id=259, 481.8pt x 481.8pt>
File: immagini/simulazioni_covar/SOAPtempo4.png Graphic file (type png)

<use immagini/simulazioni_covar/SOAPtempo4.png>
Package pdftex.def Info: immagini/simulazioni_covar/SOAPtempo4.png used on inpu
t line 259.
(pdftex.def)             Requested size: 90.0pt x 89.9991pt.

<immagini/simulazioni_covar/TPStempo4.png, id=260, 481.8pt x 481.8pt>
File: immagini/simulazioni_covar/TPStempo4.png Graphic file (type png)

<use immagini/simulazioni_covar/TPStempo4.png>
Package pdftex.def Info: immagini/simulazioni_covar/TPStempo4.png used on input
 line 260.
(pdftex.def)             Requested size: 90.0pt x 89.9991pt.

<immagini/simulazioni_covar/STSRtempo4.png, id=261, 481.8pt x 481.8pt>
File: immagini/simulazioni_covar/STSRtempo4.png Graphic file (type png)

<use immagini/simulazioni_covar/STSRtempo4.png>
Package pdftex.def Info: immagini/simulazioni_covar/STSRtempo4.png used on inpu
t line 261.
(pdftex.def)             Requested size: 90.0pt x 89.9991pt.


LaTeX Warning: Float too large for page by 40.2pt on input line 265.


Package Fancyhdr Warning: \headheight is too small (12.0pt): 
 Make it at least 13.59999pt.
 We now make it that large for the rest of the document.
 This may cause the page layout to be inconsistent, however.

[14 <C:/Users/Gabriele/Desktop/Università/LAUREA MAGISTRALE/TESI DI LAUREA/Lat
ex/FINALE/immagini/simulazioni_covar/REALEtempo1.png> <C:/Users/Gabriele/Deskto
p/Università/LAUREA MAGISTRALE/TESI DI LAUREA/Latex/FINALE/immagini/simulazion
i_covar/Dati_tempo1.png> <C:/Users/Gabriele/Desktop/Università/LAUREA MAGISTRA
LE/TESI DI LAUREA/Latex/FINALE/immagini/simulazioni_covar/SOAPtempo1.png> <C:/U
sers/Gabriele/Desktop/Università/LAUREA MAGISTRALE/TESI DI LAUREA/Latex/FINALE
/immagini/simulazioni_covar/TPStempo1.png (PNG copy)> <C:/Users/Gabriele/Deskto
p/Università/LAUREA MAGISTRALE/TESI DI LAUREA/Latex/FINALE/immagini/simulazion
i_covar/STSRtempo1.png> <C:/Users/Gabriele/Desktop/Università/LAUREA MAGISTRAL
E/TESI DI LAUREA/Latex/FINALE/immagini/simulazioni_covar/REALEtempo2.png> <C:/U
sers/Gabriele/Desktop/Università/LAUREA MAGISTRALE/TESI DI LAUREA/Latex/FINALE
/immagini/simulazioni_covar/Dati_tempo2.png (PNG copy)> <C:/Users/Gabriele/Desk
top/Università/LAUREA MAGISTRALE/TESI DI LAUREA/Latex/FINALE/immagini/simulazi
oni_covar/SOAPtempo2.png> <C:/Users/Gabriele/Desktop/Università/LAUREA MAGISTR
ALE/TESI DI LAUREA/Latex/FINALE/immagini/simulazioni_covar/TPStempo2.png> <C:/U
sers/Gabriele/Desktop/Università/LAUREA MAGISTRALE/TESI DI LAUREA/Latex/FINALE
/immagini/simulazioni_covar/STSRtempo2.png> <C:/Users/Gabriele/Desktop/Universi
tà/LAUREA MAGISTRALE/TESI DI LAUREA/Latex/FINALE/immagini/simulazioni_covar/RE
ALEtempo3.png> <C:/Users/Gabriele/Desktop/Università/LAUREA MAGISTRALE/TESI DI
 LAUREA/Latex/FINALE/immagini/simulazioni_covar/Dati_tempo3.png> <C:/Users/Gabr
iele/Desktop/Università/LAUREA MAGISTRALE/TESI DI LAUREA/Latex/FINALE/immagini
/simulazioni_covar/SOAPtempo3.png> <C:/Users/Gabriele/Desktop/Università/LAURE
A MAGISTRALE/TESI DI LAUREA/Latex/FINALE/immagini/simulazioni_covar/TPStempo3.p
ng> <C:/Users/Gabriele/Desktop/Università/LAUREA MAGISTRALE/TESI DI LAUREA/Lat
ex/FINALE/immagini/simulazioni_covar/STSRtempo3.png> <C:/Users/Gabriele/Desktop
/Università/LAUREA MAGISTRALE/TESI DI LAUREA/Latex/FINALE/immagini/simulazioni
_covar/REALEtempo4.png> <C:/Users/Gabriele/Desktop/Università/LAUREA MAGISTRAL
E/TESI DI LAUREA/Latex/FINALE/immagini/simulazioni_covar/Dati_tempo4.png (PNG c
opy)> <C:/Users/Gabriele/Desktop/Università/LAUREA MAGISTRALE/TESI DI LAUREA/L
atex/FINALE/immagini/simulazioni_covar/SOAPtempo4.png> <C:/Users/Gabriele/Deskt
op/Università/LAUREA MAGISTRALE/TESI DI LAUREA/Latex/FINALE/immagini/simulazio
ni_covar/TPStempo4.png> <C:/Users/Gabriele/Desktop/Università/LAUREA MAGISTRAL
E/TESI DI LAUREA/Latex/FINALE/immagini/simulazioni_covar/STSRtempo4.png>]
Capitolo 5.
[15



]

Package Fancyhdr Warning: \headheight is too small (12.0pt): 
 Make it at least 13.59999pt.
 We now make it that large for the rest of the document.
 This may cause the page layout to be inconsistent, however.

[16

]
Capitolo 6.
[17]

Package Fancyhdr Warning: \headheight is too small (12.0pt): 
 Make it at least 13.59999pt.
 We now make it that large for the rest of the document.
 This may cause the page layout to be inconsistent, however.

[18]
Package atveryend Info: Empty hook `BeforeClearDocument' on input line 313.
 [19

]
Package atveryend Info: Empty hook `AfterLastShipout' on input line 313.

("C:\Users\Gabriele\Desktop\Università\LAUREA MAGISTRALE\TESI DI LAUREA\Latex\
FINALE\FINALE.aux")
Package atveryend Info: Executing hook `AtVeryEndDocument' on input line 313.
Package atveryend Info: Executing hook `AtEndAfterFileList' on input line 313.
Package rerunfilecheck Info: File `FINALE.out' has not changed.
(rerunfilecheck)             Checksum: C780BCD2705D1DE690D267EE858734D0;552.


LaTeX Font Warning: Some font shapes were not available, defaults substituted.

Package atveryend Info: Empty hook `AtVeryVeryEnd' on input line 313.
 ) 
Here is how much of TeX's memory you used:
 9481 strings out of 493921
 144012 string characters out of 3144868
 221199 words of memory out of 3000000
 12508 multiletter control sequences out of 15000+200000
 34766 words of font info for 98 fonts, out of 3000000 for 9000
 841 hyphenation exceptions out of 8191
 36i,11n,43p,1173b,364s stack positions out of 5000i,500n,10000p,200000b,50000s
{C:/Program Files (x86)/MiKTeX 2.9/fonts/enc/dvips/fontname/8r.enc}<C:/Progra
m Files (x86)/MiKTeX 2.9/fonts/type1/public/amsfonts/cm/cmex10.pfb><C:/Program 
Files (x86)/MiKTeX 2.9/fonts/type1/public/amsfonts/cm/cmr10.pfb><C:/Program Fil
es (x86)/MiKTeX 2.9/fonts/type1/public/amsfonts/cm/cmss12.pfb><C:/Program Files
 (x86)/MiKTeX 2.9/fonts/type1/public/amsfonts/cm/cmss17.pfb><C:/Program Files (
x86)/MiKTeX 2.9/fonts/type1/public/amsfonts/cm/cmsy10.pfb><C:/Program Files (x8
6)/MiKTeX 2.9/fonts/type1/public/mathpazo/fplmr.pfb><C:/Program Files (x86)/MiK
TeX 2.9/fonts/type1/public/mathpazo/fplmri.pfb><C:/Program Files (x86)/MiKTeX 2
.9/fonts/type1/urw/palatino/uplb8a.pfb><C:/Program Files (x86)/MiKTeX 2.9/fonts
/type1/urw/palatino/uplr8a.pfb><C:/Program Files (x86)/MiKTeX 2.9/fonts/type1/u
rw/palatino/uplri8a.pfb>
Output written on FINALE.pdf (29 pages, 806246 bytes).
PDF statistics:
 355 PDF objects out of 1000 (max. 8388607)
 53 named destinations out of 1000 (max. 500000)
 300 words of extra memory for PDF output out of 10000 (max. 10000000)

